
3월 05, 2024 10:51:44.78 NEW SESSION
3월 05, 2024 10:51:44.79 INFO: Created TensorFlow Lite XNNPACK delegate for CPU.
3월 05, 2024 10:59:34.53 INFO: Created TensorFlow Lite XNNPACK delegate for CPU.
3월 05, 2024 11:01:23.37 INFO: Created TensorFlow Lite XNNPACK delegate for CPU.
3월 05, 2024 11:03:01.29 INFO: Created TensorFlow Lite XNNPACK delegate for CPU.
3월 05, 2024 11:08:30.86 INFO: Created TensorFlow Lite XNNPACK delegate for CPU.
3월 05, 2024 11:11:41.06 [8952:1560:0305/111141.065:ERROR:page_load_metrics_update_dispatcher.cc(179)] Invalid first_paint 2.273 s for first_image_paint 2.258 s
3월 05, 2024 11:11:41.16 [8952:1560:0305/111141.169:ERROR:page_load_metrics_update_dispatcher.cc(179)] Invalid first_paint 2.273 s for first_image_paint 2.258 s
3월 05, 2024 11:11:41.39 [8952:1560:0305/111141.398:ERROR:page_load_metrics_update_dispatcher.cc(179)] Invalid first_paint 2.273 s for first_image_paint 2.258 s
3월 05, 2024 11:11:41.65 [8952:1560:0305/111141.651:ERROR:page_load_metrics_update_dispatcher.cc(179)] Invalid first_paint 2.273 s for first_image_paint 2.258 s
3월 05, 2024 11:11:41.76 [8952:1560:0305/111141.764:ERROR:page_load_metrics_update_dispatcher.cc(179)] Invalid first_paint 2.273 s for first_image_paint 2.258 s
3월 05, 2024 11:11:41.86 [8952:1560:0305/111141.869:ERROR:page_load_metrics_update_dispatcher.cc(179)] Invalid first_paint 2.273 s for first_image_paint 2.258 s
3월 05, 2024 11:11:42.02 [8952:1560:0305/111142.021:ERROR:page_load_metrics_update_dispatcher.cc(179)] Invalid first_paint 2.273 s for first_image_paint 2.258 s
3월 05, 2024 11:11:42.12 [8952:1560:0305/111142.126:ERROR:page_load_metrics_update_dispatcher.cc(179)] Invalid first_paint 2.273 s for first_image_paint 2.258 s
3월 05, 2024 11:11:42.26 [8952:1560:0305/111142.268:ERROR:page_load_metrics_update_dispatcher.cc(179)] Invalid first_paint 2.273 s for first_image_paint 2.258 s
3월 05, 2024 11:11:42.37 [8952:1560:0305/111142.370:ERROR:page_load_metrics_update_dispatcher.cc(179)] Invalid first_paint 2.273 s for first_image_paint 2.258 s
3월 05, 2024 11:11:42.60 [8952:1560:0305/111142.601:ERROR:page_load_metrics_update_dispatcher.cc(179)] Invalid first_paint 2.273 s for first_image_paint 2.258 s
3월 05, 2024 11:11:42.71 [8952:1560:0305/111142.713:ERROR:page_load_metrics_update_dispatcher.cc(179)] Invalid first_paint 2.273 s for first_image_paint 2.258 s
3월 05, 2024 11:11:42.83 [8952:1560:0305/111142.829:ERROR:page_load_metrics_update_dispatcher.cc(179)] Invalid first_paint 2.273 s for first_image_paint 2.258 s
3월 05, 2024 11:11:42.94 [8952:1560:0305/111142.940:ERROR:page_load_metrics_update_dispatcher.cc(179)] Invalid first_paint 2.273 s for first_image_paint 2.258 s
3월 05, 2024 11:11:44.00 [8952:1560:0305/111144.007:ERROR:page_load_metrics_update_dispatcher.cc(179)] Invalid first_paint 2.273 s for first_image_paint 2.258 s
3월 05, 2024 11:11:45.79 [8952:1560:0305/111145.792:ERROR:page_load_metrics_update_dispatcher.cc(179)] Invalid first_paint 2.273 s for first_image_paint 2.258 s
3월 05, 2024 11:11:46.34 [8952:1560:0305/111146.342:ERROR:page_load_metrics_update_dispatcher.cc(179)] Invalid first_paint 2.273 s for first_image_paint 2.258 s
3월 05, 2024 11:11:47.00 [8952:1560:0305/111147.008:ERROR:page_load_metrics_update_dispatcher.cc(179)] Invalid first_paint 2.273 s for first_image_paint 2.258 s
3월 05, 2024 11:11:47.48 [8952:1560:0305/111147.486:ERROR:page_load_metrics_update_dispatcher.cc(179)] Invalid first_paint 2.273 s for first_image_paint 2.258 s
3월 05, 2024 11:17:29.57 [8952:1560:0305/111729.577:ERROR:page_load_metrics_update_dispatcher.cc(179)] Invalid first_paint 2.273 s for first_image_paint 2.258 s
3월 05, 2024 11:53:49.86 INFO: Created TensorFlow Lite XNNPACK delegate for CPU.
3월 05, 2024 11:55:41.14 INFO: Created TensorFlow Lite XNNPACK delegate for CPU.
3월 05, 2024 12:11:42.83 INFO: Created TensorFlow Lite XNNPACK delegate for CPU.
3월 05, 2024 12:49:02.93 INFO: Created TensorFlow Lite XNNPACK delegate for CPU.
3월 05, 2024 12:49:55.97 INFO: Created TensorFlow Lite XNNPACK delegate for CPU.
3월 05, 2024 12:52:07.58 INFO: Created TensorFlow Lite XNNPACK delegate for CPU.
3월 05, 2024 12:53:33.24 INFO: Created TensorFlow Lite XNNPACK delegate for CPU.
3월 05, 2024 12:56:01.83 INFO: Created TensorFlow Lite XNNPACK delegate for CPU.
3월 05, 2024 12:56:12.47 INFO: Created TensorFlow Lite XNNPACK delegate for CPU.

3월 05, 2024 14:47:41.44 NEW SESSION
3월 05, 2024 14:47:41.44 INFO: Created TensorFlow Lite XNNPACK delegate for CPU.
3월 05, 2024 14:56:56.10 INFO: Created TensorFlow Lite XNNPACK delegate for CPU.
3월 05, 2024 15:01:01.27 INFO: Created TensorFlow Lite XNNPACK delegate for CPU.
3월 05, 2024 15:17:25.06 INFO: Created TensorFlow Lite XNNPACK delegate for CPU.
3월 05, 2024 15:17:36.82 INFO: Created TensorFlow Lite XNNPACK delegate for CPU.
3월 05, 2024 15:47:08.60 INFO: Created TensorFlow Lite XNNPACK delegate for CPU.
3월 05, 2024 15:59:32.51 INFO: Created TensorFlow Lite XNNPACK delegate for CPU.
3월 05, 2024 16:20:15.04 INFO: Created TensorFlow Lite XNNPACK delegate for CPU.
3월 05, 2024 16:48:37.08 [3376:4880:0305/164837.088:ERROR:cert_verify_proc_builtin.cc(874)] CertVerifyProcBuiltin for guny.kr failed:
3월 05, 2024 16:48:37.08 ----- Certificate i=0 (O=My Company Ltd,L=Newbury,ST=Berkshire,C=GB) -----
3월 05, 2024 16:48:37.08 ERROR: No matching issuer found
3월 05, 2024 16:48:37.08 
3월 05, 2024 16:48:37.08 
3월 05, 2024 16:53:37.21 INFO: Created TensorFlow Lite XNNPACK delegate for CPU.
3월 05, 2024 16:53:44.89 INFO: Created TensorFlow Lite XNNPACK delegate for CPU.
3월 05, 2024 16:56:36.79 INFO: Created TensorFlow Lite XNNPACK delegate for CPU.
3월 05, 2024 16:56:53.04 INFO: Created TensorFlow Lite XNNPACK delegate for CPU.
3월 05, 2024 16:57:53.20 INFO: Created TensorFlow Lite XNNPACK delegate for CPU.
3월 05, 2024 17:42:43.50 INFO: Created TensorFlow Lite XNNPACK delegate for CPU.

3월 06, 2024 09:49:29.52 NEW SESSION
3월 06, 2024 09:49:29.53 INFO: Created TensorFlow Lite XNNPACK delegate for CPU.
3월 06, 2024 09:50:47.96 INFO: Created TensorFlow Lite XNNPACK delegate for CPU.
3월 06, 2024 10:33:54.73 INFO: Created TensorFlow Lite XNNPACK delegate for CPU.
3월 06, 2024 10:44:54.93 INFO: Created TensorFlow Lite XNNPACK delegate for CPU.
3월 06, 2024 15:46:10.09 INFO: Created TensorFlow Lite XNNPACK delegate for CPU.
3월 06, 2024 15:50:08.65 INFO: Created TensorFlow Lite XNNPACK delegate for CPU.
3월 06, 2024 15:51:33.90 INFO: Created TensorFlow Lite XNNPACK delegate for CPU.
3월 06, 2024 16:34:30.90 INFO: Created TensorFlow Lite XNNPACK delegate for CPU.

3월 07, 2024 09:52:38.29 NEW SESSION
3월 07, 2024 09:52:38.30 INFO: Created TensorFlow Lite XNNPACK delegate for CPU.
3월 07, 2024 09:52:56.25 INFO: Created TensorFlow Lite XNNPACK delegate for CPU.
3월 07, 2024 09:54:00.88 INFO: Created TensorFlow Lite XNNPACK delegate for CPU.
3월 07, 2024 09:54:53.35 INFO: Created TensorFlow Lite XNNPACK delegate for CPU.
3월 07, 2024 09:56:43.86 INFO: Created TensorFlow Lite XNNPACK delegate for CPU.
3월 07, 2024 10:02:25.79 INFO: Created TensorFlow Lite XNNPACK delegate for CPU.
3월 07, 2024 10:02:33.65 [3920:5836:0307/100233.654:ERROR:get_updates_processor.cc(263)] PostClientToServerMessage() failed during GetUpdates with error Network error (ERR_ABORTED)
3월 07, 2024 10:03:26.91 INFO: Created TensorFlow Lite XNNPACK delegate for CPU.
3월 07, 2024 10:08:16.72 INFO: Created TensorFlow Lite XNNPACK delegate for CPU.
3월 07, 2024 14:37:13.14 INFO: Created TensorFlow Lite XNNPACK delegate for CPU.
3월 07, 2024 14:37:37.46 INFO: Created TensorFlow Lite XNNPACK delegate for CPU.
3월 07, 2024 14:41:22.71 INFO: Created TensorFlow Lite XNNPACK delegate for CPU.
3월 07, 2024 14:49:51.01 INFO: Created TensorFlow Lite XNNPACK delegate for CPU.
3월 07, 2024 15:07:29.32 INFO: Created TensorFlow Lite XNNPACK delegate for CPU.
3월 07, 2024 15:18:46.96 INFO: Created TensorFlow Lite XNNPACK delegate for CPU.
3월 07, 2024 15:32:01.37 INFO: Created TensorFlow Lite XNNPACK delegate for CPU.
3월 07, 2024 15:33:13.74 INFO: Created TensorFlow Lite XNNPACK delegate for CPU.
3월 07, 2024 15:42:14.47 INFO: Created TensorFlow Lite XNNPACK delegate for CPU.
3월 07, 2024 16:38:10.24 INFO: Created TensorFlow Lite XNNPACK delegate for CPU.
3월 07, 2024 16:39:22.61 INFO: Created TensorFlow Lite XNNPACK delegate for CPU.
3월 07, 2024 16:41:04.21 INFO: Created TensorFlow Lite XNNPACK delegate for CPU.
3월 07, 2024 16:48:21.54 INFO: Created TensorFlow Lite XNNPACK delegate for CPU.
3월 07, 2024 16:49:52.24 INFO: Created TensorFlow Lite XNNPACK delegate for CPU.
3월 07, 2024 16:58:58.55 INFO: Created TensorFlow Lite XNNPACK delegate for CPU.
3월 07, 2024 17:01:33.52 INFO: Created TensorFlow Lite XNNPACK delegate for CPU.
3월 07, 2024 17:03:39.57 INFO: Created TensorFlow Lite XNNPACK delegate for CPU.

3월 08, 2024 09:50:18.77 NEW SESSION
3월 08, 2024 09:50:18.77 INFO: Created TensorFlow Lite XNNPACK delegate for CPU.
3월 08, 2024 09:50:29.38 INFO: Created TensorFlow Lite XNNPACK delegate for CPU.
3월 08, 2024 09:52:47.49 INFO: Created TensorFlow Lite XNNPACK delegate for CPU.
3월 08, 2024 09:53:32.15 INFO: Created TensorFlow Lite XNNPACK delegate for CPU.
3월 08, 2024 10:05:46.83 INFO: Created TensorFlow Lite XNNPACK delegate for CPU.
3월 08, 2024 10:40:55.29 INFO: Created TensorFlow Lite XNNPACK delegate for CPU.
3월 08, 2024 10:42:01.44 INFO: Created TensorFlow Lite XNNPACK delegate for CPU.
3월 08, 2024 11:09:45.52 INFO: Created TensorFlow Lite XNNPACK delegate for CPU.
3월 08, 2024 12:57:33.06 INFO: Created TensorFlow Lite XNNPACK delegate for CPU.
3월 08, 2024 12:58:57.44 INFO: Created TensorFlow Lite XNNPACK delegate for CPU.
3월 08, 2024 13:01:20.99 INFO: Created TensorFlow Lite XNNPACK delegate for CPU.
3월 08, 2024 14:32:39.18 [13084:4680:0308/143239.179:ERROR:interface_endpoint_client.cc(707)] Message 1 rejected by interface blink.mojom.WidgetHost
3월 08, 2024 14:45:36.62 INFO: Created TensorFlow Lite XNNPACK delegate for CPU.
3월 08, 2024 15:01:01.33 INFO: Created TensorFlow Lite XNNPACK delegate for CPU.
3월 08, 2024 15:01:34.05 INFO: Created TensorFlow Lite XNNPACK delegate for CPU.
3월 08, 2024 15:01:49.36 INFO: Created TensorFlow Lite XNNPACK delegate for CPU.
